12月-11 16:58:33.683 [main] DEBUG nextflow.cli.Launcher - $> nextflow rnaseq_pe.nf -with-report nf_rna_report.html -with-timeline nf_rna_timeline.html
12月-11 16:58:33.813 [main] DEBUG nextflow.cli.CmdRun - N E X T F L O W  ~  version 25.10.2
12月-11 16:58:33.831 [main] DEBUG nextflow.plugin.PluginsFacade - Setting up plugin manager > mode=prod; embedded=false; plugins-dir=/home/zeemeeuw/.nextflow/plugins; core-plugins: nf-amazon@3.4.2,nf-azure@1.20.2,nf-cloudcache@0.5.0,nf-codecommit@0.5.0,nf-console@1.3.0,nf-google@1.23.3,nf-k8s@1.2.2,nf-tower@1.17.3,nf-wave@1.16.1
12月-11 16:58:33.862 [main] INFO  o.pf4j.DefaultPluginStatusProvider - Enabled plugins: []
12月-11 16:58:33.862 [main] INFO  o.pf4j.DefaultPluginStatusProvider - Disabled plugins: []
12月-11 16:58:33.864 [main] INFO  org.pf4j.DefaultPluginManager - PF4J version 3.12.0 in 'deployment' mode
12月-11 16:58:33.872 [main] DEBUG nextflow.util.RetryConfig - Missing nextflow session - using default retry config
12月-11 16:58:33.958 [main] INFO  org.pf4j.AbstractPluginManager - No plugins
12月-11 16:58:33.972 [main] DEBUG nextflow.config.ConfigBuilder - Found config local: /home/zeemeeuw/data/nextflow/nf_pipe/rnaseq/nextflow.config
12月-11 16:58:33.973 [main] DEBUG nextflow.config.ConfigBuilder - Parsing config file: /home/zeemeeuw/data/nextflow/nf_pipe/rnaseq/nextflow.config
12月-11 16:58:33.984 [main] DEBUG nextflow.config.ConfigBuilder - Applying config profile: `standard`
12月-11 16:58:34.227 [main] DEBUG nextflow.plugin.PluginsFacade - Plugins default=[]
12月-11 16:58:34.228 [main] DEBUG nextflow.plugin.PluginsFacade - Plugins resolved requirement=[]
12月-11 16:58:34.237 [main] DEBUG n.secret.LocalSecretsProvider - Secrets store: /home/zeemeeuw/.nextflow/secrets/store.json
12月-11 16:58:34.239 [main] DEBUG nextflow.secret.SecretsLoader - Discovered secrets providers: [nextflow.secret.LocalSecretsProvider@65e0b505] - activable => nextflow.secret.LocalSecretsProvider@65e0b505
12月-11 16:58:34.245 [main] DEBUG nextflow.cli.CmdRun - Applied DSL=2 by global default
12月-11 16:58:34.254 [main] DEBUG nextflow.cli.CmdRun - Launching `rnaseq_pe.nf` [tiny_noether] DSL2 - revision: 21c9eeda43
12月-11 16:58:34.283 [main] DEBUG nextflow.Session - Session UUID: 53d0fd0a-36a5-4d18-ae06-160953b53aa7
12月-11 16:58:34.283 [main] DEBUG nextflow.Session - Run name: tiny_noether
12月-11 16:58:34.284 [main] DEBUG nextflow.Session - Executor pool size: 32
12月-11 16:58:34.288 [main] DEBUG nextflow.file.FilePorter - File porter settings maxRetries=3; maxTransfers=50; pollTimeout=null
12月-11 16:58:34.291 [main] DEBUG nextflow.util.ThreadPoolBuilder - Creating thread pool 'FileTransfer' minSize=10; maxSize=96; workQueue=LinkedBlockingQueue[-1]; allowCoreThreadTimeout=false
12月-11 16:58:34.308 [main] DEBUG nextflow.cli.CmdRun - 
  Version: 25.10.2 build 10555
  Created: 28-11-2025 19:24 UTC (29-11-2025 03:24 CDT)
  System: Linux 5.15.0-52-generic
  Runtime: Groovy 4.0.28 on OpenJDK 64-Bit Server VM 17.0.3-internal+0-adhoc..src
  Encoding: UTF-8 (UTF-8)
  Process: 55975@Feuerwerk [127.0.1.1]
  CPUs: 32 - Mem: 125.7 GB (114.9 GB) - Swap: 2 GB (2 GB)
12月-11 16:58:34.317 [main] DEBUG nextflow.Session - Work-dir: /home/zeemeeuw/data/nextflow/nf_pipe/rnaseq/work [ext2/ext3]
12月-11 16:58:34.317 [main] DEBUG nextflow.Session - Script base path does not exist or is not a directory: /home/zeemeeuw/data/nextflow/nf_pipe/rnaseq/bin
12月-11 16:58:34.322 [main] DEBUG nextflow.executor.ExecutorFactory - Extension executors providers=[]
12月-11 16:58:34.327 [main] DEBUG nextflow.Session - Observer factory (v2): LinObserverFactory
12月-11 16:58:34.328 [main] DEBUG nextflow.Session - Observer factory (v2): DefaultObserverFactory
12月-11 16:58:34.353 [main] DEBUG nextflow.cache.CacheFactory - Using Nextflow cache factory: nextflow.cache.DefaultCacheFactory
12月-11 16:58:34.358 [main] DEBUG nextflow.util.CustomThreadPool - Creating default thread pool > poolSize: 33; maxThreads: 1000
12月-11 16:58:34.561 [main] DEBUG nextflow.Session - Session start
12月-11 16:58:34.831 [main] DEBUG nextflow.script.ScriptRunner - > Launching execution
12月-11 16:58:34.886 [main] INFO  nextflow.script.BaseScript - /home/zeemeeuw/data/nextflow/nf_pipe/rnaseq
12月-11 16:58:34.929 [main] INFO  nextflow.Nextflow - nftide-rnaseq
===================================
genome     : hg38
gtf        : /home/zeemeeuw/data/ref/hg38/gencode.v39.primary_assembly.annotation.gtf
genomeDir  : /home/zeemeeuw/data/ref/hg38/hg38-STAR/
workingDir : /home/zeemeeuw/data/nextflow/data/rnaseq/DS601_RNA

12月-11 16:58:34.937 [main] DEBUG n.script.dsl.ProcessConfigBuilder - Config settings `withName:CUTADAPT` matches process CUTADAPT
12月-11 16:58:34.943 [main] DEBUG nextflow.executor.ExecutorFactory - << taskConfig executor: null
12月-11 16:58:34.944 [main] DEBUG nextflow.executor.ExecutorFactory - >> processorType: 'local'
12月-11 16:58:34.948 [main] DEBUG nextflow.executor.Executor - [warm up] executor > local
12月-11 16:58:34.952 [main] DEBUG n.processor.LocalPollingMonitor - Creating local task monitor for executor 'local' > cpus=32; memory=125.7 GB; capacity=32; pollInterval=100ms; dumpInterval=5m
12月-11 16:58:34.953 [main] DEBUG n.processor.TaskPollingMonitor - >>> barrier register (monitor: local)
12月-11 16:58:34.966 [main] DEBUG nextflow.processor.TaskProcessor - Creating process 'CUTADAPT': maxForks=1; fair=false; array=0
12月-11 16:58:34.984 [main] DEBUG nextflow.executor.ExecutorFactory - << taskConfig executor: null
12月-11 16:58:34.984 [main] DEBUG nextflow.executor.ExecutorFactory - >> processorType: 'local'
12月-11 16:58:34.985 [main] DEBUG nextflow.processor.TaskProcessor - Creating process 'STAR': maxForks=1; fair=false; array=0
12月-11 16:58:34.990 [main] DEBUG nextflow.executor.ExecutorFactory - << taskConfig executor: null
12月-11 16:58:34.990 [main] DEBUG nextflow.executor.ExecutorFactory - >> processorType: 'local'
12月-11 16:58:34.991 [main] DEBUG nextflow.processor.TaskProcessor - Creating process 'FEATURECOUNTS': maxForks=1; fair=false; array=0
12月-11 16:58:35.000 [main] DEBUG nextflow.Session - Workflow process names [dsl2]: STAR, FEATURECOUNTS, CUTADAPT
12月-11 16:58:35.001 [main] DEBUG nextflow.Session - Igniting dataflow network (4)
12月-11 16:58:35.003 [main] DEBUG nextflow.processor.TaskProcessor - Starting process > CUTADAPT
12月-11 16:58:35.004 [main] DEBUG nextflow.processor.TaskProcessor - Starting process > STAR
12月-11 16:58:35.004 [main] DEBUG nextflow.processor.TaskProcessor - Starting process > FEATURECOUNTS
12月-11 16:58:35.004 [main] DEBUG nextflow.script.ScriptRunner - Parsed script files:
  Script_90476d82c97e2f53: /home/zeemeeuw/data/nextflow/nf_pipe/rnaseq/rnaseq_pe.nf
12月-11 16:58:35.004 [main] DEBUG nextflow.script.ScriptRunner - > Awaiting termination 
12月-11 16:58:35.004 [main] DEBUG nextflow.Session - Session await
12月-11 16:58:35.099 [Task submitter] DEBUG n.executor.local.LocalTaskHandler - Launch cmd line: /bin/bash -ue .command.run
12月-11 16:58:35.100 [Task submitter] INFO  nextflow.Session - [55/215315] Submitted process > CUTADAPT (cutadapt on H-1)
12月-11 16:58:35.364 [Task monitor] DEBUG n.processor.TaskPollingMonitor - Task completed > TaskHandler[id: 1; name: CUTADAPT (cutadapt on H-1); status: COMPLETED; exit: 0; error: -; workDir: /home/zeemeeuw/data/nextflow/nf_pipe/rnaseq/work/55/215315dcaf66ea62b424155374e11f]
12月-11 16:58:35.364 [Task monitor] DEBUG nextflow.util.ThreadPoolBuilder - Creating thread pool 'TaskFinalizer' minSize=10; maxSize=96; workQueue=LinkedBlockingQueue[-1]; allowCoreThreadTimeout=false
12月-11 16:58:35.370 [Task submitter] DEBUG n.executor.local.LocalTaskHandler - Launch cmd line: /bin/bash -ue .command.run
12月-11 16:58:35.371 [Task submitter] INFO  nextflow.Session - [7d/6dc264] Submitted process > CUTADAPT (cutadapt on H-2)
12月-11 16:58:35.387 [Actor Thread 26] DEBUG nextflow.util.ThreadPoolBuilder - Creating thread pool 'PublishDir' minSize=10; maxSize=96; workQueue=LinkedBlockingQueue[-1]; allowCoreThreadTimeout=false
12月-11 16:58:35.397 [Task submitter] DEBUG n.executor.local.LocalTaskHandler - Launch cmd line: /bin/bash -ue .command.run
12月-11 16:58:35.397 [Task submitter] INFO  nextflow.Session - [43/9219f9] Submitted process > STAR (STAR on H-1)
12月-11 16:58:35.600 [Task monitor] DEBUG n.processor.TaskPollingMonitor - Task completed > TaskHandler[id: 2; name: CUTADAPT (cutadapt on H-2); status: COMPLETED; exit: 0; error: -; workDir: /home/zeemeeuw/data/nextflow/nf_pipe/rnaseq/work/7d/6dc2642a0b4a036d1ffeeaf3b44fb1]
12月-11 17:02:49.040 [Task monitor] DEBUG n.processor.TaskPollingMonitor - Task completed > TaskHandler[id: 3; name: STAR (STAR on H-1); status: COMPLETED; exit: 0; error: -; workDir: /home/zeemeeuw/data/nextflow/nf_pipe/rnaseq/work/43/9219f97c13dfe326179749db0e1bfd]
12月-11 17:02:49.045 [Task submitter] DEBUG n.executor.local.LocalTaskHandler - Launch cmd line: /bin/bash -ue .command.run
12月-11 17:02:49.046 [Task submitter] INFO  nextflow.Session - [0e/3417b9] Submitted process > STAR (STAR on H-2)
12月-11 17:03:03.908 [Task monitor] DEBUG n.processor.TaskPollingMonitor - Task completed > TaskHandler[id: 4; name: STAR (STAR on H-2); status: COMPLETED; exit: 0; error: -; workDir: /home/zeemeeuw/data/nextflow/nf_pipe/rnaseq/work/0e/3417b97940bf1bec6f95ddf12a06a0]
12月-11 17:03:03.927 [Task submitter] DEBUG n.executor.local.LocalTaskHandler - Launch cmd line: /bin/bash -ue .command.run
12月-11 17:03:03.928 [Task submitter] INFO  nextflow.Session - [0b/b18ba1] Submitted process > FEATURECOUNTS (featureCounts on all samples)
12月-11 17:03:16.038 [Task monitor] DEBUG n.processor.TaskPollingMonitor - Task completed > TaskHandler[id: 5; name: FEATURECOUNTS (featureCounts on all samples); status: COMPLETED; exit: 0; error: -; workDir: /home/zeemeeuw/data/nextflow/nf_pipe/rnaseq/work/0b/b18ba11ebdab8dad7e158f487755a9]
12月-11 17:03:16.041 [main] DEBUG nextflow.Session - Session await > all processes finished
12月-11 17:03:16.138 [Task monitor] DEBUG n.processor.TaskPollingMonitor - <<< barrier arrives (monitor: local) - terminating tasks monitor poll loop
12月-11 17:03:16.138 [main] DEBUG nextflow.Session - Session await > all barriers passed
12月-11 17:03:16.140 [main] DEBUG nextflow.util.ThreadPoolManager - Thread pool 'TaskFinalizer' shutdown completed (hard=false)
12月-11 17:03:16.140 [main] DEBUG nextflow.util.ThreadPoolManager - Thread pool 'PublishDir' shutdown completed (hard=false)
12月-11 17:03:16.145 [main] DEBUG n.trace.WorkflowStatsObserver - Workflow completed > WorkflowStats[succeededCount=5; failedCount=0; ignoredCount=0; cachedCount=0; pendingCount=0; submittedCount=0; runningCount=0; retriesCount=0; abortedCount=0; succeedDuration=18m 44s; failedDuration=0ms; cachedDuration=0ms;loadCpus=0; loadMemory=0; peakRunning=2; peakCpus=10; peakMemory=12 GB; ]
12月-11 17:03:16.313 [main] DEBUG nextflow.trace.ReportObserver - Workflow completed -- rendering execution report
12月-11 17:03:16.588 [main] DEBUG nextflow.trace.TimelineObserver - Workflow completed -- rendering execution timeline
12月-11 17:03:16.617 [main] DEBUG nextflow.cache.CacheDB - Closing CacheDB done
12月-11 17:03:16.627 [main] DEBUG nextflow.plugin.PluginsFacade - Using Default plugin manager
12月-11 17:03:16.628 [main] INFO  o.pf4j.DefaultPluginStatusProvider - Enabled plugins: []
12月-11 17:03:16.629 [main] INFO  o.pf4j.DefaultPluginStatusProvider - Disabled plugins: []
12月-11 17:03:16.629 [main] INFO  org.pf4j.DefaultPluginManager - PF4J version 3.12.0 in 'deployment' mode
12月-11 17:03:16.630 [main] DEBUG nextflow.cache.CacheFactory - Using Nextflow cache factory: nextflow.cache.DefaultCacheFactory
12月-11 17:03:16.869 [main] DEBUG nextflow.cache.CacheDB - Closing CacheDB done
12月-11 17:03:16.870 [main] DEBUG nextflow.util.ThreadPoolManager - Thread pool 'FileTransfer' shutdown completed (hard=false)
12月-11 17:03:16.870 [main] DEBUG nextflow.script.ScriptRunner - > Execution complete -- Goodbye
